<?xml version="1.0" encoding="UTF-8"?>
<testsuite name="com.aritana.restAssured.TestRestAssuredTest" tests="1" skipped="0" failures="0" errors="0" timestamp="2021-09-18T02:57:25" hostname="aritana-Inspiron-5558" time="4.204">
  <properties/>
  <testcase name="devoCOnhecerOutrasFormasRestAssured()" classname="com.aritana.restAssured.TestRestAssuredTest" time="4.204"/>
  <system-out><![CDATA[23:57:27.925 [Test worker] DEBUG org.apache.http.impl.conn.BasicClientConnectionManager - Get connection for route {s}->https://restapi.wcaquino.me:443
23:57:28.032 [Test worker] DEBUG org.apache.http.impl.conn.DefaultClientConnectionOperator - Connecting to restapi.wcaquino.me:443
23:57:28.933 [Test worker] DEBUG org.apache.http.client.protocol.RequestAddCookies - CookieSpec selected: ignoreCookies
23:57:28.938 [Test worker] DEBUG org.apache.http.client.protocol.RequestAuthCache - Auth cache not set in the context
23:57:28.938 [Test worker] DEBUG org.apache.http.client.protocol.RequestTargetAuthentication - Target auth state: UNCHALLENGED
23:57:28.940 [Test worker] DEBUG org.apache.http.client.protocol.RequestProxyAuthentication - Proxy auth state: UNCHALLENGED
23:57:28.941 [Test worker] DEBUG org.apache.http.impl.client.DefaultHttpClient - Attempt 1 to execute request
23:57:28.942 [Test worker] DEBUG org.apache.http.impl.conn.DefaultClientConnection - Sending request: GET /ola HTTP/1.1
23:57:28.943 [Test worker] DEBUG org.apache.http.wire -  >> "GET /ola HTTP/1.1[\r][\n]"
23:57:28.944 [Test worker] DEBUG org.apache.http.wire -  >> "Accept: */*[\r][\n]"
23:57:28.945 [Test worker] DEBUG org.apache.http.wire -  >> "Host: restapi.wcaquino.me[\r][\n]"
23:57:28.945 [Test worker] DEBUG org.apache.http.wire -  >> "Connection: Keep-Alive[\r][\n]"
23:57:28.945 [Test worker] DEBUG org.apache.http.wire -  >> "User-Agent: Apache-HttpClient/4.5.13 (Java/1.8.0_302)[\r][\n]"
23:57:28.945 [Test worker] DEBUG org.apache.http.wire -  >> "Accept-Encoding: gzip,deflate[\r][\n]"
23:57:28.945 [Test worker] DEBUG org.apache.http.wire -  >> "[\r][\n]"
23:57:28.946 [Test worker] DEBUG org.apache.http.headers - >> GET /ola HTTP/1.1
23:57:28.946 [Test worker] DEBUG org.apache.http.headers - >> Accept: */*
23:57:28.946 [Test worker] DEBUG org.apache.http.headers - >> Host: restapi.wcaquino.me
23:57:28.946 [Test worker] DEBUG org.apache.http.headers - >> Connection: Keep-Alive
23:57:28.946 [Test worker] DEBUG org.apache.http.headers - >> User-Agent: Apache-HttpClient/4.5.13 (Java/1.8.0_302)
23:57:28.947 [Test worker] DEBUG org.apache.http.headers - >> Accept-Encoding: gzip,deflate
23:57:29.090 [Test worker] DEBUG org.apache.http.wire -  << "HTTP/1.1 200 OK[\r][\n]"
23:57:29.093 [Test worker] DEBUG org.apache.http.wire -  << "Server: nginx/1.12.1 (Ubuntu)[\r][\n]"
23:57:29.093 [Test worker] DEBUG org.apache.http.wire -  << "Date: Sat, 18 Sep 2021 02:57:29 GMT[\r][\n]"
23:57:29.093 [Test worker] DEBUG org.apache.http.wire -  << "Content-Type: text/plain; charset=utf-8[\r][\n]"
23:57:29.093 [Test worker] DEBUG org.apache.http.wire -  << "Content-Length: 10[\r][\n]"
23:57:29.093 [Test worker] DEBUG org.apache.http.wire -  << "Connection: keep-alive[\r][\n]"
23:57:29.093 [Test worker] DEBUG org.apache.http.wire -  << "X-Powered-By: Express[\r][\n]"
23:57:29.094 [Test worker] DEBUG org.apache.http.wire -  << "ETag: W/"a-y99v+OqTwinY4BlWPFOKCDg4f1g"[\r][\n]"
23:57:29.094 [Test worker] DEBUG org.apache.http.wire -  << "[\r][\n]"
23:57:29.096 [Test worker] DEBUG org.apache.http.impl.conn.DefaultClientConnection - Receiving response: HTTP/1.1 200 OK
23:57:29.096 [Test worker] DEBUG org.apache.http.headers - << HTTP/1.1 200 OK
23:57:29.096 [Test worker] DEBUG org.apache.http.headers - << Server: nginx/1.12.1 (Ubuntu)
23:57:29.096 [Test worker] DEBUG org.apache.http.headers - << Date: Sat, 18 Sep 2021 02:57:29 GMT
23:57:29.096 [Test worker] DEBUG org.apache.http.headers - << Content-Type: text/plain; charset=utf-8
23:57:29.097 [Test worker] DEBUG org.apache.http.headers - << Content-Length: 10
23:57:29.097 [Test worker] DEBUG org.apache.http.headers - << Connection: keep-alive
23:57:29.097 [Test worker] DEBUG org.apache.http.headers - << X-Powered-By: Express
23:57:29.097 [Test worker] DEBUG org.apache.http.headers - << ETag: W/"a-y99v+OqTwinY4BlWPFOKCDg4f1g"
23:57:29.110 [Test worker] DEBUG org.apache.http.impl.client.DefaultHttpClient - Connection can be kept alive indefinitely
23:57:29.154 [Test worker] DEBUG io.restassured.internal.RequestSpecificationImpl$RestAssuredHttpBuilder - Parsing response as: text/plain; charset=utf-8
23:57:29.154 [Test worker] DEBUG io.restassured.internal.RequestSpecificationImpl$RestAssuredHttpBuilder - Parsed data to instance of: class org.apache.http.conn.EofSensorInputStream
]]></system-out>
  <system-err><![CDATA[]]></system-err>
</testsuite>
