<?xml version="1.0" encoding="UTF-8"?>
<testsuite name="com.aritana.restAssured.RestAssuredApplicationTests" tests="1" skipped="0" failures="0" errors="0" timestamp="2021-09-17T21:33:19" hostname="lnb028639bhz" time="0.144">
  <properties/>
  <testcase name="contextLoads()" classname="com.aritana.restAssured.RestAssuredApplicationTests" time="0.144"/>
  <system-out><![CDATA[18:33:17.751 [Test worker] DEBUG org.springframework.test.context.BootstrapUtils - Instantiating CacheAwareContextLoaderDelegate from class [org.springframework.test.context.cache.DefaultCacheAwareContextLoaderDelegate]
18:33:17.762 [Test worker] DEBUG org.springframework.test.context.BootstrapUtils - Instantiating BootstrapContext using constructor [public org.springframework.test.context.support.DefaultBootstrapContext(java.lang.Class,org.springframework.test.context.CacheAwareContextLoaderDelegate)]
18:33:17.797 [Test worker] DEBUG org.springframework.test.context.BootstrapUtils - Instantiating TestContextBootstrapper for test class [com.aritana.restAssured.RestAssuredApplicationTests] from class [org.springframework.boot.test.context.SpringBootTestContextBootstrapper]
18:33:17.806 [Test worker] INFO org.springframework.boot.test.context.SpringBootTestContextBootstrapper - Neither @ContextConfiguration nor @ContextHierarchy found for test class [com.aritana.restAssured.RestAssuredApplicationTests], using SpringBootContextLoader
18:33:17.809 [Test worker] DEBUG org.springframework.test.context.support.AbstractContextLoader - Did not detect default resource location for test class [com.aritana.restAssured.RestAssuredApplicationTests]: class path resource [com/aritana/restAssured/RestAssuredApplicationTests-context.xml] does not exist
18:33:17.810 [Test worker] DEBUG org.springframework.test.context.support.AbstractContextLoader - Did not detect default resource location for test class [com.aritana.restAssured.RestAssuredApplicationTests]: class path resource [com/aritana/restAssured/RestAssuredApplicationTestsContext.groovy] does not exist
18:33:17.810 [Test worker] INFO org.springframework.test.context.support.AbstractContextLoader - Could not detect default resource locations for test class [com.aritana.restAssured.RestAssuredApplicationTests]: no resource found for suffixes {-context.xml, Context.groovy}.
18:33:17.810 [Test worker] INFO org.springframework.test.context.support.AnnotationConfigContextLoaderUtils - Could not detect default configuration classes for test class [com.aritana.restAssured.RestAssuredApplicationTests]: RestAssuredApplicationTests does not declare any static, non-private, non-final, nested classes annotated with @Configuration.
18:33:17.846 [Test worker] DEBUG org.springframework.test.context.support.ActiveProfilesUtils - Could not find an 'annotation declaring class' for annotation type [org.springframework.test.context.ActiveProfiles] and class [com.aritana.restAssured.RestAssuredApplicationTests]
18:33:17.894 [Test worker] DEBUG org.springframework.context.annotation.ClassPathScanningCandidateComponentProvider - Identified candidate component class: file [/home/aritanacs/Documents/CIT/lifeScan/Treinamento/test/restAssured/build/classes/java/main/com/aritana/restAssured/RestAssuredApplication.class]
18:33:17.895 [Test worker] INFO org.springframework.boot.test.context.SpringBootTestContextBootstrapper - Found @SpringBootConfiguration com.aritana.restAssured.RestAssuredApplication for test class com.aritana.restAssured.RestAssuredApplicationTests
18:33:17.970 [Test worker] DEBUG org.springframework.boot.test.context.SpringBootTestContextBootstrapper - @TestExecutionListeners is not present for class [com.aritana.restAssured.RestAssuredApplicationTests]: using defaults.
18:33:17.971 [Test worker] INFO org.springframework.boot.test.context.SpringBootTestContextBootstrapper - Loaded default TestExecutionListener class names from location [META-INF/spring.factories]: [org.springframework.boot.test.autoconfigure.restdocs.RestDocsTestExecutionListener, org.springframework.boot.test.autoconfigure.web.client.MockRestServiceServerResetTestExecutionListener, org.springframework.boot.test.autoconfigure.web.servlet.MockMvcPrintOnlyOnFailureTestExecutionListener, org.springframework.boot.test.autoconfigure.web.servlet.WebDriverTestExecutionListener, org.springframework.boot.test.autoconfigure.webservices.client.MockWebServiceServerTestExecutionListener, org.springframework.boot.test.mock.mockito.MockitoTestExecutionListener, org.springframework.boot.test.mock.mockito.ResetMocksTestExecutionListener, org.springframework.test.context.web.ServletTestExecutionListener, org.springframework.test.context.support.DirtiesContextBeforeModesTestExecutionListener, org.springframework.test.context.event.ApplicationEventsTestExecutionListener, org.springframework.test.context.support.DependencyInjectionTestExecutionListener, org.springframework.test.context.support.DirtiesContextTestExecutionListener, org.springframework.test.context.transaction.TransactionalTestExecutionListener, org.springframework.test.context.jdbc.SqlScriptsTestExecutionListener, org.springframework.test.context.event.EventPublishingTestExecutionListener]
18:33:17.979 [Test worker] DEBUG org.springframework.boot.test.context.SpringBootTestContextBootstrapper - Skipping candidate TestExecutionListener [org.springframework.test.context.transaction.TransactionalTestExecutionListener] due to a missing dependency. Specify custom listener classes or make the default listener classes and their required dependencies available. Offending class: [org/springframework/transaction/TransactionDefinition]
18:33:17.980 [Test worker] DEBUG org.springframework.boot.test.context.SpringBootTestContextBootstrapper - Skipping candidate TestExecutionListener [org.springframework.test.context.jdbc.SqlScriptsTestExecutionListener] due to a missing dependency. Specify custom listener classes or make the default listener classes and their required dependencies available. Offending class: [org/springframework/transaction/interceptor/TransactionAttribute]
18:33:17.980 [Test worker] INFO org.springframework.boot.test.context.SpringBootTestContextBootstrapper - Using TestExecutionListeners: [org.springframework.test.context.web.ServletTestExecutionListener@736a0c19, org.springframework.test.context.support.DirtiesContextBeforeModesTestExecutionListener@5a3afe00, org.springframework.test.context.event.ApplicationEventsTestExecutionListener@3b360dff, org.springframework.boot.test.mock.mockito.MockitoTestExecutionListener@45ee8e92, org.springframework.boot.test.autoconfigure.SpringBootDependencyInjectionTestExecutionListener@664758f2, org.springframework.test.context.support.DirtiesContextTestExecutionListener@6b0060c4, org.springframework.test.context.event.EventPublishingTestExecutionListener@6052d1ae, org.springframework.boot.test.autoconfigure.restdocs.RestDocsTestExecutionListener@51794928, org.springframework.boot.test.autoconfigure.web.client.MockRestServiceServerResetTestExecutionListener@da50b3d, org.springframework.boot.test.autoconfigure.web.servlet.MockMvcPrintOnlyOnFailureTestExecutionListener@654b4c0d, org.springframework.boot.test.autoconfigure.web.servlet.WebDriverTestExecutionListener@13e22eab, org.springframework.boot.test.autoconfigure.webservices.client.MockWebServiceServerTestExecutionListener@84905f6, org.springframework.boot.test.mock.mockito.ResetMocksTestExecutionListener@2d901b21]
18:33:17.984 [Test worker] DEBUG org.springframework.test.context.support.AbstractDirtiesContextTestExecutionListener - Before test class: context [DefaultTestContext@28e79f56 testClass = RestAssuredApplicationTests, testInstance = [null], testMethod = [null], testException = [null], mergedContextConfiguration = [WebMergedContextConfiguration@41fc1ce4 testClass = RestAssuredApplicationTests, locations = '{}', classes = '{class com.aritana.restAssured.RestAssuredApplication}', contextInitializerClasses = '[]', activeProfiles = '{}', propertySourceLocations = '{}', propertySourceProperties = '{org.springframework.boot.test.context.SpringBootTestContextBootstrapper=true}', contextCustomizers = set[org.springframework.boot.test.autoconfigure.actuate.metrics.MetricsExportContextCustomizerFactory$DisableMetricExportContextCustomizer@59043fbe, org.springframework.boot.test.autoconfigure.properties.PropertyMappingContextCustomizer@0, org.springframework.boot.test.autoconfigure.web.servlet.WebDriverContextCustomizerFactory$Customizer@24b49ce9, org.springframework.boot.test.context.filter.ExcludeFilterContextCustomizer@44357aab, org.springframework.boot.test.json.DuplicateJsonObjectContextCustomizerFactory$DuplicateJsonObjectContextCustomizer@23c8bb5d, org.springframework.boot.test.mock.mockito.MockitoContextCustomizer@0, org.springframework.boot.test.web.client.TestRestTemplateContextCustomizer@1282ba7, org.springframework.boot.test.context.SpringBootTestArgs@1, org.springframework.boot.test.context.SpringBootTestWebEnvironment@2fdc9b67], resourceBasePath = 'src/main/webapp', contextLoader = 'org.springframework.boot.test.context.SpringBootContextLoader', parent = [null]], attributes = map['org.springframework.test.context.web.ServletTestExecutionListener.activateListener' -> true]], class annotated with @DirtiesContext [false] with mode [null].
18:33:18.010 [Test worker] DEBUG org.springframework.test.context.support.TestPropertySourceUtils - Adding inlined properties to environment: {spring.jmx.enabled=false, org.springframework.boot.test.context.SpringBootTestContextBootstrapper=true}

  .   ____          _            __ _ _
 /\\ / ___'_ __ _ _(_)_ __  __ _ \ \ \ \
( ( )\___ | '_ | '_| | '_ \/ _` | \ \ \ \
 \\/  ___)| |_)| | | | | || (_| |  ) ) ) )
  '  |____| .__|_| |_|_| |_\__, | / / / /
 =========|_|==============|___/=/_/_/_/
 :: Spring Boot ::                (v2.5.4)

2021-09-17 18:33:18.212  INFO 91248 --- [    Test worker] c.a.r.RestAssuredApplicationTests        : Starting RestAssuredApplicationTests using Java 1.8.0_302 on lnb028639bhz with PID 91248 (started by CIANDT\aritanacs in /home/aritanacs/Documents/CIT/lifeScan/Treinamento/test/restAssured)
2021-09-17 18:33:18.215  INFO 91248 --- [    Test worker] c.a.r.RestAssuredApplicationTests        : No active profile set, falling back to default profiles: default
2021-09-17 18:33:19.631  INFO 91248 --- [    Test worker] c.a.r.RestAssuredApplicationTests        : Started RestAssuredApplicationTests in 1.616 seconds (JVM running for 2.598)
]]></system-out>
  <system-err><![CDATA[]]></system-err>
</testsuite>
