<?xml version="1.0" encoding="UTF-8"?>
<testsuite name="com.aritana.restAssured.TestRestAssuredTest" tests="1" skipped="0" failures="0" errors="0" timestamp="2021-09-18T03:18:15" hostname="aritana-Inspiron-5558" time="7.883">
  <properties/>
  <testcase name="devoCOnhecerOutrasFormasRestAssured()" classname="com.aritana.restAssured.TestRestAssuredTest" time="7.883"/>
  <system-out><![CDATA[00:18:20.226 [Test worker] DEBUG org.apache.http.impl.conn.BasicClientConnectionManager - Get connection for route {s}->https://restapi.wcaquino.me:443
00:18:20.298 [Test worker] DEBUG org.apache.http.impl.conn.DefaultClientConnectionOperator - Connecting to restapi.wcaquino.me:443
00:18:21.627 [Test worker] DEBUG org.apache.http.client.protocol.RequestAddCookies - CookieSpec selected: ignoreCookies
00:18:21.632 [Test worker] DEBUG org.apache.http.client.protocol.RequestAuthCache - Auth cache not set in the context
00:18:21.632 [Test worker] DEBUG org.apache.http.client.protocol.RequestTargetAuthentication - Target auth state: UNCHALLENGED
00:18:21.633 [Test worker] DEBUG org.apache.http.client.protocol.RequestProxyAuthentication - Proxy auth state: UNCHALLENGED
00:18:21.633 [Test worker] DEBUG org.apache.http.impl.client.DefaultHttpClient - Attempt 1 to execute request
00:18:21.633 [Test worker] DEBUG org.apache.http.impl.conn.DefaultClientConnection - Sending request: GET /ola HTTP/1.1
00:18:21.634 [Test worker] DEBUG org.apache.http.wire -  >> "GET /ola HTTP/1.1[\r][\n]"
00:18:21.639 [Test worker] DEBUG org.apache.http.wire -  >> "Accept: */*[\r][\n]"
00:18:21.644 [Test worker] DEBUG org.apache.http.wire -  >> "Host: restapi.wcaquino.me[\r][\n]"
00:18:21.647 [Test worker] DEBUG org.apache.http.wire -  >> "Connection: Keep-Alive[\r][\n]"
00:18:21.649 [Test worker] DEBUG org.apache.http.wire -  >> "User-Agent: Apache-HttpClient/4.5.13 (Java/1.8.0_302)[\r][\n]"
00:18:21.650 [Test worker] DEBUG org.apache.http.wire -  >> "Accept-Encoding: gzip,deflate[\r][\n]"
00:18:21.651 [Test worker] DEBUG org.apache.http.wire -  >> "[\r][\n]"
00:18:21.652 [Test worker] DEBUG org.apache.http.headers - >> GET /ola HTTP/1.1
00:18:21.655 [Test worker] DEBUG org.apache.http.headers - >> Accept: */*
00:18:21.657 [Test worker] DEBUG org.apache.http.headers - >> Host: restapi.wcaquino.me
00:18:21.660 [Test worker] DEBUG org.apache.http.headers - >> Connection: Keep-Alive
00:18:21.661 [Test worker] DEBUG org.apache.http.headers - >> User-Agent: Apache-HttpClient/4.5.13 (Java/1.8.0_302)
00:18:21.662 [Test worker] DEBUG org.apache.http.headers - >> Accept-Encoding: gzip,deflate
00:18:21.807 [Test worker] DEBUG org.apache.http.wire -  << "HTTP/1.1 200 OK[\r][\n]"
00:18:21.809 [Test worker] DEBUG org.apache.http.wire -  << "Server: nginx/1.12.1 (Ubuntu)[\r][\n]"
00:18:21.810 [Test worker] DEBUG org.apache.http.wire -  << "Date: Sat, 18 Sep 2021 03:18:21 GMT[\r][\n]"
00:18:21.811 [Test worker] DEBUG org.apache.http.wire -  << "Content-Type: text/plain; charset=utf-8[\r][\n]"
00:18:21.812 [Test worker] DEBUG org.apache.http.wire -  << "Content-Length: 10[\r][\n]"
00:18:21.814 [Test worker] DEBUG org.apache.http.wire -  << "Connection: keep-alive[\r][\n]"
00:18:21.816 [Test worker] DEBUG org.apache.http.wire -  << "X-Powered-By: Express[\r][\n]"
00:18:21.817 [Test worker] DEBUG org.apache.http.wire -  << "ETag: W/"a-y99v+OqTwinY4BlWPFOKCDg4f1g"[\r][\n]"
00:18:21.819 [Test worker] DEBUG org.apache.http.wire -  << "[\r][\n]"
00:18:21.823 [Test worker] DEBUG org.apache.http.impl.conn.DefaultClientConnection - Receiving response: HTTP/1.1 200 OK
00:18:21.829 [Test worker] DEBUG org.apache.http.headers - << HTTP/1.1 200 OK
00:18:21.830 [Test worker] DEBUG org.apache.http.headers - << Server: nginx/1.12.1 (Ubuntu)
00:18:21.830 [Test worker] DEBUG org.apache.http.headers - << Date: Sat, 18 Sep 2021 03:18:21 GMT
00:18:21.839 [Test worker] DEBUG org.apache.http.headers - << Content-Type: text/plain; charset=utf-8
00:18:21.841 [Test worker] DEBUG org.apache.http.headers - << Content-Length: 10
00:18:21.842 [Test worker] DEBUG org.apache.http.headers - << Connection: keep-alive
00:18:21.843 [Test worker] DEBUG org.apache.http.headers - << X-Powered-By: Express
00:18:21.844 [Test worker] DEBUG org.apache.http.headers - << ETag: W/"a-y99v+OqTwinY4BlWPFOKCDg4f1g"
00:18:21.855 [Test worker] DEBUG org.apache.http.impl.client.DefaultHttpClient - Connection can be kept alive indefinitely
00:18:21.982 [Test worker] DEBUG io.restassured.internal.RequestSpecificationImpl$RestAssuredHttpBuilder - Parsing response as: text/plain; charset=utf-8
00:18:21.983 [Test worker] DEBUG io.restassured.internal.RequestSpecificationImpl$RestAssuredHttpBuilder - Parsed data to instance of: class org.apache.http.conn.EofSensorInputStream
00:18:22.263 [Test worker] DEBUG org.apache.http.impl.conn.BasicClientConnectionManager - Get connection for route {s}->https://restapi.wcaquino.me:443
00:18:22.263 [Test worker] DEBUG org.apache.http.impl.conn.DefaultClientConnectionOperator - Connecting to restapi.wcaquino.me:443
00:18:22.917 [Test worker] DEBUG org.apache.http.client.protocol.RequestAddCookies - CookieSpec selected: ignoreCookies
00:18:22.917 [Test worker] DEBUG org.apache.http.client.protocol.RequestAuthCache - Auth cache not set in the context
00:18:22.917 [Test worker] DEBUG org.apache.http.client.protocol.RequestTargetAuthentication - Target auth state: UNCHALLENGED
00:18:22.918 [Test worker] DEBUG org.apache.http.client.protocol.RequestProxyAuthentication - Proxy auth state: UNCHALLENGED
00:18:22.918 [Test worker] DEBUG org.apache.http.impl.client.DefaultHttpClient - Attempt 1 to execute request
00:18:22.918 [Test worker] DEBUG org.apache.http.impl.conn.DefaultClientConnection - Sending request: GET /ola HTTP/1.1
00:18:22.919 [Test worker] DEBUG org.apache.http.wire -  >> "GET /ola HTTP/1.1[\r][\n]"
00:18:22.919 [Test worker] DEBUG org.apache.http.wire -  >> "Accept: */*[\r][\n]"
00:18:22.920 [Test worker] DEBUG org.apache.http.wire -  >> "Host: restapi.wcaquino.me[\r][\n]"
00:18:22.920 [Test worker] DEBUG org.apache.http.wire -  >> "Connection: Keep-Alive[\r][\n]"
00:18:22.921 [Test worker] DEBUG org.apache.http.wire -  >> "User-Agent: Apache-HttpClient/4.5.13 (Java/1.8.0_302)[\r][\n]"
00:18:22.921 [Test worker] DEBUG org.apache.http.wire -  >> "Accept-Encoding: gzip,deflate[\r][\n]"
00:18:22.922 [Test worker] DEBUG org.apache.http.wire -  >> "[\r][\n]"
00:18:22.922 [Test worker] DEBUG org.apache.http.headers - >> GET /ola HTTP/1.1
00:18:22.923 [Test worker] DEBUG org.apache.http.headers - >> Accept: */*
00:18:22.923 [Test worker] DEBUG org.apache.http.headers - >> Host: restapi.wcaquino.me
00:18:22.923 [Test worker] DEBUG org.apache.http.headers - >> Connection: Keep-Alive
00:18:22.924 [Test worker] DEBUG org.apache.http.headers - >> User-Agent: Apache-HttpClient/4.5.13 (Java/1.8.0_302)
00:18:22.924 [Test worker] DEBUG org.apache.http.headers - >> Accept-Encoding: gzip,deflate
00:18:23.074 [Test worker] DEBUG org.apache.http.wire -  << "HTTP/1.1 200 OK[\r][\n]"
00:18:23.074 [Test worker] DEBUG org.apache.http.wire -  << "Server: nginx/1.12.1 (Ubuntu)[\r][\n]"
00:18:23.074 [Test worker] DEBUG org.apache.http.wire -  << "Date: Sat, 18 Sep 2021 03:18:23 GMT[\r][\n]"
00:18:23.075 [Test worker] DEBUG org.apache.http.wire -  << "Content-Type: text/plain; charset=utf-8[\r][\n]"
00:18:23.075 [Test worker] DEBUG org.apache.http.wire -  << "Content-Length: 10[\r][\n]"
00:18:23.077 [Test worker] DEBUG org.apache.http.wire -  << "Connection: keep-alive[\r][\n]"
00:18:23.077 [Test worker] DEBUG org.apache.http.wire -  << "X-Powered-By: Express[\r][\n]"
00:18:23.078 [Test worker] DEBUG org.apache.http.wire -  << "ETag: W/"a-y99v+OqTwinY4BlWPFOKCDg4f1g"[\r][\n]"
00:18:23.078 [Test worker] DEBUG org.apache.http.wire -  << "[\r][\n]"
00:18:23.078 [Test worker] DEBUG org.apache.http.impl.conn.DefaultClientConnection - Receiving response: HTTP/1.1 200 OK
00:18:23.079 [Test worker] DEBUG org.apache.http.headers - << HTTP/1.1 200 OK
00:18:23.100 [Test worker] DEBUG org.apache.http.headers - << Server: nginx/1.12.1 (Ubuntu)
00:18:23.100 [Test worker] DEBUG org.apache.http.headers - << Date: Sat, 18 Sep 2021 03:18:23 GMT
00:18:23.100 [Test worker] DEBUG org.apache.http.headers - << Content-Type: text/plain; charset=utf-8
00:18:23.100 [Test worker] DEBUG org.apache.http.headers - << Content-Length: 10
00:18:23.100 [Test worker] DEBUG org.apache.http.headers - << Connection: keep-alive
00:18:23.100 [Test worker] DEBUG org.apache.http.headers - << X-Powered-By: Express
00:18:23.100 [Test worker] DEBUG org.apache.http.headers - << ETag: W/"a-y99v+OqTwinY4BlWPFOKCDg4f1g"
00:18:23.101 [Test worker] DEBUG org.apache.http.impl.client.DefaultHttpClient - Connection can be kept alive indefinitely
00:18:23.101 [Test worker] DEBUG io.restassured.internal.RequestSpecificationImpl$RestAssuredHttpBuilder - Parsing response as: text/plain; charset=utf-8
00:18:23.102 [Test worker] DEBUG io.restassured.internal.RequestSpecificationImpl$RestAssuredHttpBuilder - Parsed data to instance of: class org.apache.http.conn.EofSensorInputStream
]]></system-out>
  <system-err><![CDATA[]]></system-err>
</testsuite>
